<?xml version="1.0" encoding="UTF-8"?>
<!-- Generated by org.testng.reporters.JUnitReportReporter -->
<testsuite hostname="LAPTOP-QCE4AIJL" failures="0" tests="1" name="Com.Maven.AppTest2" time="6.516" errors="0" timestamp="2020-02-13T12:12:13 EST" skipped="0">
  <testcase classname="Com.Maven.AppTest2" name="test" time="6.516"/>
  <system-out/>
</testsuite> <!-- Com.Maven.AppTest2 -->
